{
  "stats": {
    "suites": 1,
    "tests": 1,
    "passes": 1,
    "pending": 0,
    "failures": 0,
    "start": "2019-05-13T19:33:52.238Z",
    "end": "2019-05-13T19:33:58.780Z",
    "duration": 6542,
    "testsRegistered": 1,
    "passPercent": 100,
    "pendingPercent": 0,
    "other": 0,
    "hasOther": false,
    "skipped": 0,
    "hasSkipped": false,
    "passPercentClass": "success",
    "pendingPercentClass": "danger"
  },
  "suites": {
    "uuid": "1b264bb2-965a-4bf2-952e-b16468b68dfd",
    "title": "",
    "fullFile": "",
    "file": "",
    "beforeHooks": [],
    "afterHooks": [],
    "tests": [],
    "suites": [
      {
        "uuid": "9fdbf975-6a57-45b8-b323-78c7eb48790a",
        "title": "Search by a scrum post in concrete site",
        "fullFile": "",
        "file": "",
        "beforeHooks": [],
        "afterHooks": [],
        "tests": [
          {
            "title": "Search in concrete page",
            "fullTitle": "Search by a scrum post in concrete site Search in concrete page",
            "duration": 6303,
            "state": "passed",
            "speed": "slow",
            "pass": true,
            "fail": false,
            "pending": false,
            "code": "if (backgroundSection) {\n  backgroundSection.steps.forEach(step => stepTest.call(this, step));\n}\nscenario.steps.forEach(step => stepTest.call(this, step));",
            "err": {},
            "isRoot": false,
            "uuid": "6e402211-c068-4193-b9ed-7274c8aff878",
            "isHook": false,
            "skipped": false
          }
        ],
        "suites": [],
        "passes": [
          "6e402211-c068-4193-b9ed-7274c8aff878"
        ],
        "failures": [],
        "pending": [],
        "skipped": [],
        "duration": 6303,
        "root": false,
        "rootEmpty": false,
        "_timeout": 2000
      }
    ],
    "passes": [],
    "failures": [],
    "pending": [],
    "skipped": [],
    "duration": 0,
    "root": true,
    "rootEmpty": true,
    "_timeout": 2000
  },
  "copyrightYear": 2019
}